-------------------------------------------------------------------------------
Test set: ar.com.grupoesfera.piopio.BaseDeComentariosTest
-------------------------------------------------------------------------------
Tests run: 1, Failures: 1, Errors: 0, Skipped: 0, Time elapsed: 4.514 s <<< FAILURE! - in ar.com.grupoesfera.piopio.BaseDeComentariosTest
deberiasEscribirPruebasUnitarias(ar.com.grupoesfera.piopio.BaseDeComentariosTest)  Time elapsed: 4.438 s  <<< FAILURE!
java.lang.AssertionError: Tus clases deberían estar probadas y con Cobertura completa
	at ar.com.grupoesfera.piopio.BaseDeComentariosTest.deberiasEscribirPruebasUnitarias(BaseDeComentariosTest.java:27)

