-------------------------------------------------------------------------------
Test set: ar.com.grupoesfera.piopio.BaseDePiosTest
-------------------------------------------------------------------------------
Tests run: 1, Failures: 1, Errors: 0, Skipped: 0, Time elapsed: 0.024 s <<< FAILURE! - in ar.com.grupoesfera.piopio.BaseDePiosTest
deberiasEscribirPruebasUnitarias(ar.com.grupoesfera.piopio.BaseDePiosTest)  Time elapsed: 0.024 s  <<< FAILURE!
java.lang.AssertionError: Tus clases deberían estar probadas y con Cobertura completa
	at ar.com.grupoesfera.piopio.BaseDePiosTest.deberiasEscribirPruebasUnitarias(BaseDePiosTest.java:27)

