-------------------------------------------------------------------------------
Test set: ar.com.grupoesfera.piopio.BaseDeFavoritosTest
-------------------------------------------------------------------------------
Tests run: 1, Failures: 1, Errors: 0, Skipped: 0, Time elapsed: 0.031 s <<< FAILURE! - in ar.com.grupoesfera.piopio.BaseDeFavoritosTest
deberiasEscribirPruebasUnitarias(ar.com.grupoesfera.piopio.BaseDeFavoritosTest)  Time elapsed: 0.031 s  <<< FAILURE!
java.lang.AssertionError: Tus clases deberían estar probadas y con Cobertura completa
	at ar.com.grupoesfera.piopio.BaseDeFavoritosTest.deberiasEscribirPruebasUnitarias(BaseDeFavoritosTest.java:27)

