<?xml version="1.0" encoding="UTF-8"?>
<testsuite xmlns:xsi="http://www.w3.org/2001/XMLSchema-instance" xsi:noNamespaceSchemaLocation="https://maven.apache.org/surefire/maven-surefire-plugin/xsd/surefire-test-report.xsd" name="ar.com.grupoesfera.piopio.BaseDePiosTest" time="0.024" tests="1" errors="0" skipped="0" failures="1">
  <properties>
[...]
</properties>
  <testcase name="deberiasEscribirPruebasUnitarias" classname="ar.com.grupoesfera.piopio.BaseDePiosTest" time="0.024">
    <failure message="Tus clases deberían estar probadas y con Cobertura completa" type="java.lang.AssertionError">java.lang.AssertionError: Tus clases deberían estar probadas y con Cobertura completa
	at ar.com.grupoesfera.piopio.BaseDePiosTest.deberiasEscribirPruebasUnitarias(BaseDePiosTest.java:27)
</failure>
    <system-out><![CDATA[WARN  Fixture-persistirSiEsPosible - Usuario no es una Entity (no está mapeada). Nada que hacer aquí.
WARN  Fixture-persistirSiEsPosible - Usuario no es una Entity (no está mapeada). Nada que hacer aquí.
WARN  Fixture-persistirSiEsPosible - Usuario no es una Entity (no está mapeada). Nada que hacer aquí.
WARN  Fixture-persistirSiEsPosible - Usuario no es una Entity (no está mapeada). Nada que hacer aquí.
WARN  Fixture-persistirSiEsPosible - Usuario no es una Entity (no está mapeada). Nada que hacer aquí.
WARN  Fixture-persistirSiEsPosible - Usuario no es una Entity (no está mapeada). Nada que hacer aquí.
WARN  Fixture-persistirSiEsPosible - Usuario no es una Entity (no está mapeada). Nada que hacer aquí.
WARN  Fixture-persistirSiEsPosible - Favorito no es una Entity (no está mapeada). Nada que hacer aquí.
WARN  Fixture-persistirSiEsPosible - Favorito no es una Entity (no está mapeada). Nada que hacer aquí.
WARN  Fixture-persistirSiEsPosible - Favorito no es una Entity (no está mapeada). Nada que hacer aquí.
WARN  Fixture-persistirSiEsPosible - Favorito no es una Entity (no está mapeada). Nada que hacer aquí.
WARN  Fixture-persistirSiEsPosible - Favorito no es una Entity (no está mapeada). Nada que hacer aquí.
WARN  Fixture-persistirSiEsPosible - Favorito no es una Entity (no está mapeada). Nada que hacer aquí.
WARN  Fixture-persistirSiEsPosible - Favorito no es una Entity (no está mapeada). Nada que hacer aquí.
WARN  Fixture-persistirSiEsPosible - Favorito no es una Entity (no está mapeada). Nada que hacer aquí.
WARN  Fixture-persistirSiEsPosible - Favorito no es una Entity (no está mapeada). Nada que hacer aquí.
WARN  Fixture-persistirSiEsPosible - Favorito no es una Entity (no está mapeada). Nada que hacer aquí.
WARN  Fixture-persistirSiEsPosible - Favorito no es una Entity (no está mapeada). Nada que hacer aquí.
WARN  Fixture-persistirSiEsPosible - Comentario no es una Entity (no está mapeada). Nada que hacer aquí.
WARN  Fixture-persistirSiEsPosible - Comentario no es una Entity (no está mapeada). Nada que hacer aquí.
WARN  Fixture-eliminarSiEsPosible - Favorito no es una Entity (no está mapeada). Nada que hacer aquí.
WARN  Fixture-eliminarSiEsPosible - Comentario no es una Entity (no está mapeada). Nada que hacer aquí.
WARN  Fixture-eliminarSiEsPosible - Usuario no es una Entity (no está mapeada). Nada que hacer aquí.
]]></system-out>
  </testcase>
</testsuite>